<!DOCTYPE html PUBLIC "-//W3C//DTD XHTML 1.1//EN" "https://www.w3.org/TR/xhtml11/DTD/xhtml11.dtd">
<html xmlns="https://www.w3.org/1999/xhtml">
<head>
<meta http-equiv="content-type" content="text/html; charset=UTF-8"/>
<title>TestNG Report</title>
<style type="text/css">table {margin-bottom:10px;border-collapse:collapse;empty-cells:show}th,td {border:1px solid #009;padding:.25em .5em}th {vertical-align:bottom}td {vertical-align:top}table a {font-weight:bold}.stripe td {background-color: #E6EBF9}.num {text-align:right}.passedodd td {background-color: #3F3}.passedeven td {background-color: #0A0}.skippedodd td {background-color: #DDD}.skippedeven td {background-color: #CCC}.failedodd td,.attn {background-color: #F33}.failedeven td,.stripe .attn {background-color: #D00}.stacktrace {white-space:pre;font-family:monospace}.totop {font-size:85%;text-align:center;border-bottom:2px solid #000}.invisible {display:none}</style>
</head>
<body>
<table>
<tr><th>Test</th><th># Passed</th><th># Skipped</th><th># Retried</th><th># Failed</th><th>Time (ms)</th><th>Included Groups</th><th>Excluded Groups</th></tr>
<tr><th colspan="8">testng-suite</th></tr>
<tr><td><a href="#t0">test-case-1</a></td><td class="num">0</td><td class="num attn">3</td><td class="num">0</td><td class="num attn">1</td><td class="num">68,596</td><td></td><td></td></tr>
</table>
<table id='summary'><thead><tr><th>Class</th><th>Method</th><th>Start</th><th>Time (ms)</th></tr></thead><tbody><tr><th colspan="4">testng-suite</th></tr></tbody><tbody id="t0"><tr><th colspan="4">test-case-1 &#8212; failed (configuration methods)</th></tr><tr class="failedeven"><td rowspan="1">trello.TrelloUsageTest</td><td><a href="#m0">clearTestSession</a></td><td rowspan="1">1664547109345</td><td rowspan="1">38366</td></tr><tr><th colspan="4">test-case-1 &#8212; failed</th></tr><tr class="failedeven"><td rowspan="1">trello.TrelloUsageTest</td><td><a href="#m1">testDownloadFile</a></td><td rowspan="1">1664547085985</td><td rowspan="1">23346</td></tr><tr><th colspan="4">test-case-1 &#8212; skipped (configuration methods)</th></tr><tr class="skippedeven"><td rowspan="1">trello.TrelloUsageTest</td><td><a href="#m2">shutDown</a></td><td rowspan="1">1664547147738</td><td rowspan="1">0</td></tr><tr><th colspan="4">test-case-1 &#8212; skipped</th></tr><tr class="skippedeven"><td rowspan="3">trello.TrelloUsageTest</td><td><a href="#m3">testDeletingCard</a></td><td rowspan="1">1664547109343</td><td rowspan="1">0</td></tr><tr class="skippedeven"><td><a href="#m4">testFileContent</a></td><td rowspan="1">1664547109340</td><td rowspan="1">1</td></tr><tr class="skippedeven"><td><a href="#m5">testUserAction</a></td><td rowspan="1">1664547109342</td><td rowspan="1">0</td></tr></tbody>
</table>
<h2>test-case-1</h2><h3 id="m0">trello.TrelloUsageTest#clearTestSession</h3><table class="result"><tr><th>Exception</th></tr><tr><td><div class="stacktrace">org.openqa.selenium.NoSuchElementException: no such element: Unable to locate element: {&quot;method&quot;:&quot;xpath&quot;,&quot;selector&quot;:&quot;//button[@data-test-id=&apos;close-board-delete-board-button&apos;]&quot;}
  (Session info: headless chrome=106.0.5249.62)
For documentation on this error, please visit: https://selenium.dev/exceptions/#no_such_element
Build info: version: &apos;4.4.0&apos;, revision: &apos;e5c75ed026a&apos;
System info: host: &apos;LAPTOP-BDELJV31&apos;, ip: &apos;10.0.0.31&apos;, os.name: &apos;Windows 11&apos;, os.arch: &apos;amd64&apos;, os.version: &apos;10.0&apos;, java.version: &apos;17.0.4&apos;
Driver info: org.openqa.selenium.chrome.ChromeDriver
Command: [2e4be247689c86e56c0a0359e7a313a6, findElement {using=xpath, value=//button[@data-test-id=&apos;close-board-delete-board-button&apos;]}]
Capabilities {acceptInsecureCerts: false, browserName: chrome, browserVersion: 106.0.5249.62, chrome: {chromedriverVersion: 106.0.5249.61 (511755355844..., userDataDir: C:\Users\USER\AppData\Local...}, goog:chromeOptions: {debuggerAddress: localhost:56386}, networkConnectionEnabled: false, pageLoadStrategy: normal, platformName: WINDOWS, proxy: Proxy(), se:cdp: ws://localhost:56386/devtoo..., se:cdpVersion: 106.0.5249.62, setWindowRect: true, strictFileInteractability: false, timeouts: {implicit: 0, pageLoad: 300000, script: 30000}, unhandledPromptBehavior: dismiss and notify, webauthn:extension:credBlob: true, webauthn:extension:largeBlob: true, webauthn:virtualAuthenticators: true}
Session ID: 2e4be247689c86e56c0a0359e7a313a6
	at org.openqa.selenium.remote.codec.w3c.W3CHttpResponseCodec.createException(W3CHttpResponseCodec.java:200)
	at org.openqa.selenium.remote.codec.w3c.W3CHttpResponseCodec.decode(W3CHttpResponseCodec.java:133)
	at org.openqa.selenium.remote.codec.w3c.W3CHttpResponseCodec.decode(W3CHttpResponseCodec.java:53)
	at org.openqa.selenium.remote.HttpCommandExecutor.execute(HttpCommandExecutor.java:184)
	at org.openqa.selenium.remote.service.DriverCommandExecutor.invokeExecute(DriverCommandExecutor.java:167)
	at org.openqa.selenium.remote.service.DriverCommandExecutor.execute(DriverCommandExecutor.java:142)
	at org.openqa.selenium.remote.RemoteWebDriver.execute(RemoteWebDriver.java:547)
	at org.openqa.selenium.remote.ElementLocation$ElementFinder$2.findElement(ElementLocation.java:162)
	at org.openqa.selenium.remote.ElementLocation.findElement(ElementLocation.java:60)
	at org.openqa.selenium.remote.RemoteWebDriver.findElement(RemoteWebDriver.java:365)
	at org.openqa.selenium.remote.RemoteWebDriver.findElement(RemoteWebDriver.java:357)
	at pages.Board.deleteBoard(Board.java:107)
	at trello.TrelloUsageTest.clearTestSession(TrelloUsageTest.java:161)
... Removed 29 stack frames</div></td></tr></table><p class="totop"><a href="#summary">back to summary</a></p>
<h3 id="m1">trello.TrelloUsageTest#testDownloadFile</h3><table class="result"><tr class="param"><th>Parameter #1</th><th>Parameter #2</th><th>Parameter #3</th></tr><tr class="param stripe"><td>First Board</td><td>card one</td><td>This is the description of the card.</td></tr><tr><th colspan="3">Exception</th></tr><tr><td colspan="3"><div class="stacktrace">org.openqa.selenium.InvalidSelectorException: Compound class names not permitted
For documentation on this error, please visit: https://selenium.dev/exceptions/#invalid_selector_exception
Build info: version: &apos;4.4.0&apos;, revision: &apos;e5c75ed026a&apos;
System info: host: &apos;LAPTOP-BDELJV31&apos;, ip: &apos;10.0.0.31&apos;, os.name: &apos;Windows 11&apos;, os.arch: &apos;amd64&apos;, os.version: &apos;10.0&apos;, java.version: &apos;17.0.4&apos;
Driver info: driver.version: unknown
	at org.openqa.selenium.By$ByClassName.&lt;init&gt;(By.java:310)
	at org.openqa.selenium.By.className(By.java:100)
	at pages.Board.createCardWithTitle(Board.java:63)
	at trello.TrelloUsageTest.testDownloadFile(TrelloUsageTest.java:74)
	at java.base/java.util.ArrayList.forEach(ArrayList.java:1511)
... Removed 27 stack frames</div></td></tr></table><p class="totop"><a href="#summary">back to summary</a></p>
<h3 id="m2">trello.TrelloUsageTest#shutDown</h3><table class="result"><tr><th class="invisible"/></tr></table><p class="totop"><a href="#summary">back to summary</a></p>
<h3 id="m3">trello.TrelloUsageTest#testDeletingCard</h3><table class="result"><tr><th>Exception</th></tr><tr><td><div class="stacktrace">java.lang.Throwable: Method trello.TrelloUsageTest.testDeletingCard() on instance trello.TrelloUsageTest@35d019a3 depends on not successfully finished methods 
[trello.TrelloUsageTest.testUserAction() on instance trello.TrelloUsageTest@35d019a3
trello.TrelloUsageTest.testFileContent() on instance trello.TrelloUsageTest@35d019a3
trello.TrelloUsageTest.testDownloadFile() on instance trello.TrelloUsageTest@35d019a3]
	at java.base/java.util.ArrayList.forEach(ArrayList.java:1511)
... Removed 18 stack frames</div></td></tr></table><p class="totop"><a href="#summary">back to summary</a></p>
<h3 id="m4">trello.TrelloUsageTest#testFileContent</h3><table class="result"><tr><th>Exception</th></tr><tr><td><div class="stacktrace">java.lang.Throwable: Method trello.TrelloUsageTest.testFileContent() on instance trello.TrelloUsageTest@35d019a3 depends on not successfully finished methods 
[trello.TrelloUsageTest.testDownloadFile() on instance trello.TrelloUsageTest@35d019a3]
	at java.base/java.util.ArrayList.forEach(ArrayList.java:1511)
... Removed 18 stack frames</div></td></tr></table><p class="totop"><a href="#summary">back to summary</a></p>
<h3 id="m5">trello.TrelloUsageTest#testUserAction</h3><table class="result"><tr><th>Exception</th></tr><tr><td><div class="stacktrace">java.lang.Throwable: Method trello.TrelloUsageTest.testUserAction() on instance trello.TrelloUsageTest@35d019a3 depends on not successfully finished methods 
[trello.TrelloUsageTest.testFileContent() on instance trello.TrelloUsageTest@35d019a3
trello.TrelloUsageTest.testDownloadFile() on instance trello.TrelloUsageTest@35d019a3]
	at java.base/java.util.ArrayList.forEach(ArrayList.java:1511)
... Removed 18 stack frames</div></td></tr></table><p class="totop"><a href="#summary">back to summary</a></p>
</body>
</html>
